1566743293.825180 client started (1489): version 2.6, socket /tmp/tmux-1000/default, protocol 8
1566743293.825237 on Linux 4.15.0-58-generic #64-Ubuntu SMP Tue Aug 6 11:12:41 UTC 2019; libevent 2.1.8-stable (poll)
1566743293.825286 socket is /tmp/tmux-1000/default
1566743293.825311 trying connect
1566743293.825451 add peer 0x56262c0987e0: 6 ((nil))
1566743293.825570 sending message 100 to peer 0x56262c0987e0 (4 bytes)
1566743293.825588 sending message 101 to peer 0x56262c0987e0 (7 bytes)
1566743293.825599 sending message 102 to peer 0x56262c0987e0 (11 bytes)
1566743293.825641 sending message 108 to peer 0x56262c0987e0 (38 bytes)
1566743293.825661 sending message 104 to peer 0x56262c0987e0 (0 bytes)
1566743293.825674 sending message 107 to peer 0x56262c0987e0 (4 bytes)
1566743293.825684 sending message 105 to peer 0x56262c0987e0 (29 bytes)
1566743293.825695 sending message 105 to peer 0x56262c0987e0 (23 bytes)
1566743293.825704 sending message 105 to peer 0x56262c0987e0 (20 bytes)
1566743293.825720 sending message 105 to peer 0x56262c0987e0 (54 bytes)
1566743293.825730 sending message 105 to peer 0x56262c0987e0 (53 bytes)
1566743293.825740 sending message 105 to peer 0x56262c0987e0 (25 bytes)
1566743293.825749 sending message 105 to peer 0x56262c0987e0 (11 bytes)
1566743293.825759 sending message 105 to peer 0x56262c0987e0 (20 bytes)
1566743293.825768 sending message 105 to peer 0x56262c0987e0 (15 bytes)
1566743293.825778 sending message 105 to peer 0x56262c0987e0 (69 bytes)
1566743293.825788 sending message 105 to peer 0x56262c0987e0 (36 bytes)
1566743293.825797 sending message 105 to peer 0x56262c0987e0 (24 bytes)
1566743293.825807 sending message 105 to peer 0x56262c0987e0 (33 bytes)
1566743293.825816 sending message 105 to peer 0x56262c0987e0 (44 bytes)
1566743293.825826 sending message 105 to peer 0x56262c0987e0 (52 bytes)
1566743293.825836 sending message 105 to peer 0x56262c0987e0 (28 bytes)
1566743293.825845 sending message 105 to peer 0x56262c0987e0 (24 bytes)
1566743293.825855 sending message 105 to peer 0x56262c0987e0 (19 bytes)
1566743293.825864 sending message 105 to peer 0x56262c0987e0 (17 bytes)
1566743293.825878 sending message 105 to peer 0x56262c0987e0 (15 bytes)
1566743293.825888 sending message 105 to peer 0x56262c0987e0 (23 bytes)
1566743293.825898 sending message 105 to peer 0x56262c0987e0 (30 bytes)
1566743293.825907 sending message 105 to peer 0x56262c0987e0 (27 bytes)
1566743293.825917 sending message 105 to peer 0x56262c0987e0 (24 bytes)
1566743293.825926 sending message 105 to peer 0x56262c0987e0 (20 bytes)
1566743293.825936 sending message 105 to peer 0x56262c0987e0 (23 bytes)
1566743293.825945 sending message 105 to peer 0x56262c0987e0 (21 bytes)
1566743293.825954 sending message 105 to peer 0x56262c0987e0 (25 bytes)
1566743293.825964 sending message 105 to peer 0x56262c0987e0 (8 bytes)
1566743293.825974 sending message 105 to peer 0x56262c0987e0 (16 bytes)
1566743293.825983 sending message 105 to peer 0x56262c0987e0 (32 bytes)
1566743293.825993 sending message 105 to peer 0x56262c0987e0 (1516 bytes)
1566743293.826027 sending message 105 to peer 0x56262c0987e0 (56 bytes)
1566743293.826038 sending message 105 to peer 0x56262c0987e0 (45 bytes)
1566743293.826049 sending message 105 to peer 0x56262c0987e0 (11 bytes)
1566743293.826059 sending message 105 to peer 0x56262c0987e0 (177 bytes)
1566743293.826070 sending message 105 to peer 0x56262c0987e0 (42 bytes)
1566743293.826080 sending message 105 to peer 0x56262c0987e0 (19 bytes)
1566743293.826089 sending message 105 to peer 0x56262c0987e0 (27 bytes)
1566743293.826099 sending message 105 to peer 0x56262c0987e0 (96 bytes)
1566743293.826109 sending message 105 to peer 0x56262c0987e0 (19 bytes)
1566743293.826119 sending message 105 to peer 0x56262c0987e0 (8 bytes)
1566743293.826129 sending message 105 to peer 0x56262c0987e0 (19 bytes)
1566743293.826139 sending message 105 to peer 0x56262c0987e0 (41 bytes)
1566743293.826149 sending message 105 to peer 0x56262c0987e0 (12 bytes)
1566743293.826159 sending message 105 to peer 0x56262c0987e0 (60 bytes)
1566743293.826168 sending message 105 to peer 0x56262c0987e0 (45 bytes)
1566743293.826192 sending message 105 to peer 0x56262c0987e0 (62 bytes)
1566743293.826202 sending message 105 to peer 0x56262c0987e0 (36 bytes)
1566743293.826212 sending message 105 to peer 0x56262c0987e0 (13 bytes)
1566743293.826222 sending message 105 to peer 0x56262c0987e0 (13 bytes)
1566743293.826232 sending message 105 to peer 0x56262c0987e0 (17 bytes)
1566743293.826242 sending message 105 to peer 0x56262c0987e0 (37 bytes)
1566743293.826252 sending message 105 to peer 0x56262c0987e0 (47 bytes)
1566743293.826263 sending message 105 to peer 0x56262c0987e0 (31 bytes)
1566743293.826273 sending message 105 to peer 0x56262c0987e0 (182 bytes)
1566743293.826284 sending message 105 to peer 0x56262c0987e0 (51 bytes)
1566743293.826294 sending message 105 to peer 0x56262c0987e0 (31 bytes)
1566743293.826304 sending message 105 to peer 0x56262c0987e0 (15 bytes)
1566743293.826314 sending message 105 to peer 0x56262c0987e0 (52 bytes)
1566743293.826324 sending message 105 to peer 0x56262c0987e0 (29 bytes)
1566743293.826334 sending message 105 to peer 0x56262c0987e0 (18 bytes)
1566743293.826343 sending message 105 to peer 0x56262c0987e0 (58 bytes)
1566743293.826353 sending message 105 to peer 0x56262c0987e0 (21 bytes)
1566743293.826363 sending message 105 to peer 0x56262c0987e0 (11 bytes)
1566743293.826373 sending message 105 to peer 0x56262c0987e0 (29 bytes)
1566743293.826383 sending message 105 to peer 0x56262c0987e0 (16 bytes)
1566743293.826393 sending message 105 to peer 0x56262c0987e0 (16 bytes)
1566743293.826403 sending message 106 to peer 0x56262c0987e0 (0 bytes)
1566743293.826414 sending message 200 to peer 0x56262c0987e0 (4 bytes)
1566743293.826424 client loop enter
1566743293.827321 peer 0x56262c0987e0 message 211
1566743293.827373 peer 0x56262c0987e0 message 203
1566743293.827392 client loop exit
